# JRE version: OpenJDK Runtime Environment Temurin-17.0.2+8 (17.0.2+8) (build 17.0.2+8)
# Java VM: OpenJDK 64-Bit Server VM Temurin-17.0.2+8 (17.0.2+8, mixed mode, tiered, compressed oops, compressed class ptrs, parallel gc, linux-amd64)
GC Precious Log:
 CPUs: 12 total, 12 available
 Memory: 7880M
 Large Page Support: Disabled
 NUMA Support: Disabled
 Compressed Oops: Enabled (32-bit)
 Alignments: Space 512K, Generation 512K, Heap 2M
 Heap Min Capacity: 100M
 Heap Initial Capacity: 100M
 Heap Max Capacity: 1G
 Pre-touch: Disabled
 Parallel Workers: 10
Heap:
 PSYoungGen      total 14336K, used 1024K [0x00000000eab00000, 0x00000000ed300000, 0x0000000100000000)
  eden space 13312K, 0% used [0x00000000eab00000,0x00000000eab00000,0x00000000eb800000)
  from space 1024K, 100% used [0x00000000eb800000,0x00000000eb900000,0x00000000eb900000)
  to   space 13824K, 0% used [0x00000000ec580000,0x00000000ec580000,0x00000000ed300000)
 ParOldGen       total 339456K, used 339146K [0x00000000c0000000, 0x00000000d4b80000, 0x00000000eab00000)
  object space 339456K, 99% used [0x00000000c0000000,0x00000000d4b32868,0x00000000d4b80000)
 Metaspace       used 88432K, committed 89600K, reserved 1130496K
  class space    used 8782K, committed 9344K, reserved 1048576K
GC Heap History (20 events):
Event: 27342.054 GC heap after
{Heap after GC invocations=3011 (full 68):
 PSYoungGen      total 11264K, used 970K [0x00000000eab00000, 0x00000000eb800000, 0x0000000100000000)
  eden space 10240K, 0% used [0x00000000eab00000,0x00000000eab00000,0x00000000eb500000)
  from space 1024K, 94% used [0x00000000eb680000,0x00000000eb772910,0x00000000eb780000)
  to   space 1536K, 0% used [0x00000000eb500000,0x00000000eb500000,0x00000000eb680000)
 ParOldGen       total 330752K, used 323790K [0x00000000c0000000, 0x00000000d4300000, 0x00000000eab00000)
  object space 330752K, 97% used [0x00000000c0000000,0x00000000d3c338e8,0x00000000d4300000)
 Metaspace       used 88426K, committed 89600K, reserved 1130496K
  class space    used 8782K, committed 9344K, reserved 1048576K
}
Event: 27342.067 GC heap before
{Heap before GC invocations=3012 (full 68):
 PSYoungGen      total 11264K, used 11210K [0x00000000eab00000, 0x00000000eb800000, 0x0000000100000000)
  eden space 10240K, 100% used [0x00000000eab00000,0x00000000eb500000,0x00000000eb500000)
  from space 1024K, 94% used [0x00000000eb680000,0x00000000eb772910,0x00000000eb780000)
  to   space 1536K, 0% used [0x00000000eb500000,0x00000000eb500000,0x00000000eb680000)
 ParOldGen       total 330752K, used 323790K [0x00000000c0000000, 0x00000000d4300000, 0x00000000eab00000)
  object space 330752K, 97% used [0x00000000c0000000,0x00000000d3c338e8,0x00000000d4300000)
 Metaspace       used 88430K, committed 89600K, reserved 1130496K
  class space    used 8782K, committed 9344K, reserved 1048576K
}
Event: 27342.069 GC heap after
{Heap after GC invocations=3012 (full 68):
 PSYoungGen      total 11776K, used 1529K [0x00000000eab00000, 0x00000000ebb00000, 0x0000000100000000)
  eden space 10240K, 0% used [0x00000000eab00000,0x00000000eab00000,0x00000000eb500000)
  from space 1536K, 99% used [0x00000000eb500000,0x00000000eb67e410,0x00000000eb680000)
  to   space 3072K, 0% used [0x00000000eb800000,0x00000000eb800000,0x00000000ebb00000)
 ParOldGen       total 330752K, used 324610K [0x00000000c0000000, 0x00000000d4300000, 0x00000000eab00000)
  object space 330752K, 98% used [0x00000000c0000000,0x00000000d3d00b28,0x00000000d4300000)
 Metaspace       used 88430K, committed 89600K, reserved 1130496K
  class space    used 8782K, committed 9344K, reserved 1048576K
}
Event: 27342.078 GC heap before
{Heap before GC invocations=3013 (full 68):
 PSYoungGen      total 11776K, used 11769K [0x00000000eab00000, 0x00000000ebb00000, 0x0000000100000000)
  eden space 10240K, 100% used [0x00000000eab00000,0x00000000eb500000,0x00000000eb500000)
  from space 1536K, 99% used [0x00000000eb500000,0x00000000eb67e410,0x00000000eb680000)
  to   space 3072K, 0% used [0x00000000eb800000,0x00000000eb800000,0x00000000ebb00000)
 ParOldGen       total 330752K, used 324610K [0x00000000c0000000, 0x00000000d4300000, 0x00000000eab00000)
  object space 330752K, 98% used [0x00000000c0000000,0x00000000d3d00b28,0x00000000d4300000)
 Metaspace       used 88430K, committed 89600K, reserved 1130496K
  class space    used 8782K, committed 9344K, reserved 1048576K
}
Event: 27342.080 GC heap after
{Heap after GC invocations=3013 (full 68):
 PSYoungGen      total 10752K, used 372K [0x00000000eab00000, 0x00000000eb880000, 0x0000000100000000)
  eden space 10240K, 0% used [0x00000000eab00000,0x00000000eab00000,0x00000000eb500000)
  from space 512K, 72% used [0x00000000eb800000,0x00000000eb85d200,0x00000000eb880000)
  to   space 1536K, 0% used [0x00000000eb580000,0x00000000eb580000,0x00000000eb700000)
 ParOldGen       total 330752K, used 324934K [0x00000000c0000000, 0x00000000d4300000, 0x00000000eab00000)
  object space 330752K, 98% used [0x00000000c0000000,0x00000000d3d51b58,0x00000000d4300000)
 Metaspace       used 88430K, committed 89600K, reserved 1130496K
  class space    used 8782K, committed 9344K, reserved 1048576K
}
Event: 27342.098 GC heap before
{Heap before GC invocations=3014 (full 68):
 PSYoungGen      total 10752K, used 10612K [0x00000000eab00000, 0x00000000eb880000, 0x0000000100000000)
  eden space 10240K, 100% used [0x00000000eab00000,0x00000000eb500000,0x00000000eb500000)
  from space 512K, 72% used [0x00000000eb800000,0x00000000eb85d200,0x00000000eb880000)
  to   space 1536K, 0% used [0x00000000eb580000,0x00000000eb580000,0x00000000eb700000)
 ParOldGen       total 330752K, used 324934K [0x00000000c0000000, 0x00000000d4300000, 0x00000000eab00000)
  object space 330752K, 98% used [0x00000000c0000000,0x00000000d3d51b58,0x00000000d4300000)
 Metaspace       used 88430K, committed 89600K, reserved 1130496K
  class space    used 8782K, committed 9344K, reserved 1048576K
}
Event: 27342.100 GC heap after
{Heap after GC invocations=3014 (full 68):
 PSYoungGen      total 11776K, used 1284K [0x00000000eab00000, 0x00000000eb880000, 0x0000000100000000)
  eden space 10240K, 0% used [0x00000000eab00000,0x00000000eab00000,0x00000000eb500000)
  from space 1536K, 83% used [0x00000000eb580000,0x00000000eb6c1210,0x00000000eb700000)
  to   space 1536K, 0% used [0x00000000eb700000,0x00000000eb700000,0x00000000eb880000)
 ParOldGen       total 330752K, used 325131K [0x00000000c0000000, 0x00000000d4300000, 0x00000000eab00000)
  object space 330752K, 98% used [0x00000000c0000000,0x00000000d3d82d78,0x00000000d4300000)
 Metaspace       used 88430K, committed 89600K, reserved 1130496K
  class space    used 8782K, committed 9344K, reserved 1048576K
}
Event: 27342.115 GC heap before
{Heap before GC invocations=3015 (full 68):
 PSYoungGen      total 11776K, used 11524K [0x00000000eab00000, 0x00000000eb880000, 0x0000000100000000)
  eden space 10240K, 100% used [0x00000000eab00000,0x00000000eb500000,0x00000000eb500000)
  from space 1536K, 83% used [0x00000000eb580000,0x00000000eb6c1210,0x00000000eb700000)
  to   space 1536K, 0% used [0x00000000eb700000,0x00000000eb700000,0x00000000eb880000)
 ParOldGen       total 330752K, used 325131K [0x00000000c0000000, 0x00000000d4300000, 0x00000000eab00000)
  object space 330752K, 98% used [0x00000000c0000000,0x00000000d3d82d78,0x00000000d4300000)
 Metaspace       used 88430K, committed 89600K, reserved 1130496K
  class space    used 8782K, committed 9344K, reserved 1048576K
}
Event: 27342.118 GC heap after
{Heap after GC invocations=3015 (full 68):
 PSYoungGen      total 10240K, used 1513K [0x00000000eab00000, 0x00000000ebc00000, 0x0000000100000000)
  eden space 8704K, 0% used [0x00000000eab00000,0x00000000eab00000,0x00000000eb380000)
  from space 1536K, 98% used [0x00000000eb700000,0x00000000eb87a420,0x00000000eb880000)
  to   space 3584K, 0% used [0x00000000eb380000,0x00000000eb380000,0x00000000eb700000)
 ParOldGen       total 330752K, used 326495K [0x00000000c0000000, 0x00000000d4300000, 0x00000000eab00000)
  object space 330752K, 98% used [0x00000000c0000000,0x00000000d3ed7fb8,0x00000000d4300000)
 Metaspace       used 88430K, committed 89600K, reserved 1130496K
  class space    used 8782K, committed 9344K, reserved 1048576K
}
Event: 27342.134 GC heap before
{Heap before GC invocations=3016 (full 68):
 PSYoungGen      total 10240K, used 10217K [0x00000000eab00000, 0x00000000ebc00000, 0x0000000100000000)
  eden space 8704K, 100% used [0x00000000eab00000,0x00000000eb380000,0x00000000eb380000)
  from space 1536K, 98% used [0x00000000eb700000,0x00000000eb87a420,0x00000000eb880000)
  to   space 3584K, 0% used [0x00000000eb380000,0x00000000eb380000,0x00000000eb700000)
 ParOldGen       total 330752K, used 326495K [0x00000000c0000000, 0x00000000d4300000, 0x00000000eab00000)
  object space 330752K, 98% used [0x00000000c0000000,0x00000000d3ed7fb8,0x00000000d4300000)
 Metaspace       used 88430K, committed 89600K, reserved 1130496K
  class space    used 8782K, committed 9344K, reserved 1048576K
}
Event: 27342.148 GC heap after
{Heap after GC invocations=3016 (full 68):
 PSYoungGen      total 12288K, used 714K [0x00000000eab00000, 0x00000000eb880000, 0x0000000100000000)
  eden space 8704K, 0% used [0x00000000eab00000,0x00000000eab00000,0x00000000eb380000)
  from space 3584K, 19% used [0x00000000eb380000,0x00000000eb432910,0x00000000eb700000)
  to   space 1536K, 0% used [0x00000000eb700000,0x00000000eb700000,0x00000000eb880000)
 ParOldGen       total 330752K, used 327997K [0x00000000c0000000, 0x00000000d4300000, 0x00000000eab00000)
  object space 330752K, 99% used [0x00000000c0000000,0x00000000d404f438,0x00000000d4300000)
 Metaspace       used 88430K, committed 89600K, reserved 1130496K
  class space    used 8782K, committed 9344K, reserved 1048576K
}
Event: 27342.164 GC heap before
{Heap before GC invocations=3017 (full 68):
 PSYoungGen      total 12288K, used 9418K [0x00000000eab00000, 0x00000000eb880000, 0x0000000100000000)
  eden space 8704K, 100% used [0x00000000eab00000,0x00000000eb380000,0x00000000eb380000)
  from space 3584K, 19% used [0x00000000eb380000,0x00000000eb432910,0x00000000eb700000)
  to   space 1536K, 0% used [0x00000000eb700000,0x00000000eb700000,0x00000000eb880000)
 ParOldGen       total 330752K, used 327997K [0x00000000c0000000, 0x00000000d4300000, 0x00000000eab00000)
  object space 330752K, 99% used [0x00000000c0000000,0x00000000d404f438,0x00000000d4300000)
 Metaspace       used 88430K, committed 89600K, reserved 1130496K
  class space    used 8782K, committed 9344K, reserved 1048576K
}
Event: 27342.171 GC heap after
{Heap after GC invocations=3017 (full 68):
 PSYoungGen      total 11776K, used 873K [0x00000000eab00000, 0x00000000eb800000, 0x0000000100000000)
  eden space 10752K, 0% used [0x00000000eab00000,0x00000000eab00000,0x00000000eb580000)
  from space 1024K, 85% used [0x00000000eb700000,0x00000000eb7da400,0x00000000eb800000)
  to   space 1024K, 0% used [0x00000000eb600000,0x00000000eb600000,0x00000000eb700000)
 ParOldGen       total 330752K, used 328385K [0x00000000c0000000, 0x00000000d4300000, 0x00000000eab00000)
  object space 330752K, 99% used [0x00000000c0000000,0x00000000d40b0468,0x00000000d4300000)
 Metaspace       used 88430K, committed 89600K, reserved 1130496K
  class space    used 8782K, committed 9344K, reserved 1048576K
}
Event: 27342.181 GC heap before
{Heap before GC invocations=3018 (full 68):
 PSYoungGen      total 11776K, used 11625K [0x00000000eab00000, 0x00000000eb800000, 0x0000000100000000)
  eden space 10752K, 100% used [0x00000000eab00000,0x00000000eb580000,0x00000000eb580000)
  from space 1024K, 85% used [0x00000000eb700000,0x00000000eb7da400,0x00000000eb800000)
  to   space 1024K, 0% used [0x00000000eb600000,0x00000000eb600000,0x00000000eb700000)
 ParOldGen       total 330752K, used 328385K [0x00000000c0000000, 0x00000000d4300000, 0x00000000eab00000)
  object space 330752K, 99% used [0x00000000c0000000,0x00000000d40b0468,0x00000000d4300000)
 Metaspace       used 88430K, committed 89600K, reserved 1130496K
  class space    used 8782K, committed 9344K, reserved 1048576K
}
Event: 27342.182 GC heap after
{Heap after GC invocations=3018 (full 68):
 PSYoungGen      total 12288K, used 308K [0x00000000eab00000, 0x00000000eba00000, 0x0000000100000000)
  eden space 11264K, 0% used [0x00000000eab00000,0x00000000eab00000,0x00000000eb600000)
  from space 1024K, 30% used [0x00000000eb600000,0x00000000eb64d200,0x00000000eb700000)
  to   space 1024K, 0% used [0x00000000eb900000,0x00000000eb900000,0x00000000eba00000)
 ParOldGen       total 330752K, used 328433K [0x00000000c0000000, 0x00000000d4300000, 0x00000000eab00000)
  object space 330752K, 99% used [0x00000000c0000000,0x00000000d40bc468,0x00000000d4300000)
 Metaspace       used 88430K, committed 89600K, reserved 1130496K
  class space    used 8782K, committed 9344K, reserved 1048576K
}
Event: 27342.204 GC heap before
{Heap before GC invocations=3019 (full 68):
 PSYoungGen      total 12288K, used 11572K [0x00000000eab00000, 0x00000000eba00000, 0x0000000100000000)
  eden space 11264K, 100% used [0x00000000eab00000,0x00000000eb600000,0x00000000eb600000)
  from space 1024K, 30% used [0x00000000eb600000,0x00000000eb64d200,0x00000000eb700000)
  to   space 1024K, 0% used [0x00000000eb900000,0x00000000eb900000,0x00000000eba00000)
 ParOldGen       total 330752K, used 328433K [0x00000000c0000000, 0x00000000d4300000, 0x00000000eab00000)
  object space 330752K, 99% used [0x00000000c0000000,0x00000000d40bc468,0x00000000d4300000)
 Metaspace       used 88430K, committed 89600K, reserved 1130496K
  class space    used 8782K, committed 9344K, reserved 1048576K
}
Event: 27342.211 GC heap after
{Heap after GC invocations=3019 (full 68):
 PSYoungGen      total 14336K, used 704K [0x00000000eab00000, 0x00000000eba80000, 0x0000000100000000)
  eden space 13312K, 0% used [0x00000000eab00000,0x00000000eab00000,0x00000000eb800000)
  from space 1024K, 68% used [0x00000000eb900000,0x00000000eb9b0000,0x00000000eba00000)
  to   space 1024K, 0% used [0x00000000eb800000,0x00000000eb800000,0x00000000eb900000)
 ParOldGen       total 330752K, used 328629K [0x00000000c0000000, 0x00000000d4300000, 0x00000000eab00000)
  object space 330752K, 99% used [0x00000000c0000000,0x00000000d40ed688,0x00000000d4300000)
 Metaspace       used 88430K, committed 89600K, reserved 1130496K
  class space    used 8782K, committed 9344K, reserved 1048576K
}
Event: 27342.862 GC heap before
{Heap before GC invocations=3020 (full 68):
 PSYoungGen      total 14336K, used 14016K [0x00000000eab00000, 0x00000000eba80000, 0x0000000100000000)
  eden space 13312K, 100% used [0x00000000eab00000,0x00000000eb800000,0x00000000eb800000)
  from space 1024K, 68% used [0x00000000eb900000,0x00000000eb9b0000,0x00000000eba00000)
  to   space 1024K, 0% used [0x00000000eb800000,0x00000000eb800000,0x00000000eb900000)
 ParOldGen       total 330752K, used 328629K [0x00000000c0000000, 0x00000000d4300000, 0x00000000eab00000)
  object space 330752K, 99% used [0x00000000c0000000,0x00000000d40ed688,0x00000000d4300000)
 Metaspace       used 88432K, committed 89600K, reserved 1130496K
  class space    used 8782K, committed 9344K, reserved 1048576K
}
Event: 27342.912 GC heap after
{Heap after GC invocations=3020 (full 68):
 PSYoungGen      total 14336K, used 1024K [0x00000000eab00000, 0x00000000ed300000, 0x0000000100000000)
  eden space 13312K, 0% used [0x00000000eab00000,0x00000000eab00000,0x00000000eb800000)
  from space 1024K, 100% used [0x00000000eb800000,0x00000000eb900000,0x00000000eb900000)
  to   space 13824K, 0% used [0x00000000ec580000,0x00000000ec580000,0x00000000ed300000)
 ParOldGen       total 339456K, used 339146K [0x00000000c0000000, 0x00000000d4b80000, 0x00000000eab00000)
  object space 339456K, 99% used [0x00000000c0000000,0x00000000d4b32868,0x00000000d4b80000)
 Metaspace       used 88432K, committed 89600K, reserved 1130496K
  class space    used 8782K, committed 9344K, reserved 1048576K
}
Event: 27342.912 GC heap before
{Heap before GC invocations=3021 (full 69):
 PSYoungGen      total 14336K, used 1024K [0x00000000eab00000, 0x00000000ed300000, 0x0000000100000000)
  eden space 13312K, 0% used [0x00000000eab00000,0x00000000eab00000,0x00000000eb800000)
  from space 1024K, 100% used [0x00000000eb800000,0x00000000eb900000,0x00000000eb900000)
  to   space 13824K, 0% used [0x00000000ec580000,0x00000000ec580000,0x00000000ed300000)
 ParOldGen       total 339456K, used 339146K [0x00000000c0000000, 0x00000000d4b80000, 0x00000000eab00000)
  object space 339456K, 99% used [0x00000000c0000000,0x00000000d4b32868,0x00000000d4b80000)
 Metaspace       used 88432K, committed 89600K, reserved 1130496K
  class space    used 8782K, committed 9344K, reserved 1048576K
}

